<?xml version="1.0" encoding="UTF-8"?>
<testsuite name="rpi.HeaterTest" tests="7" skipped="0" failures="0" errors="0" timestamp="2018-05-10T19:21:04" hostname="Dag" time="0.23">
  <properties/>
  <testcase name="testOverTempNoSignal" classname="rpi.HeaterTest" time="0.227"/>
  <testcase name="testHighTemp" classname="rpi.HeaterTest" time="0.0"/>
  <testcase name="testHighOverTemp2" classname="rpi.HeaterTest" time="0.001"/>
  <testcase name="testHeatingCirculating" classname="rpi.HeaterTest" time="0.0"/>
  <testcase name="testLowTemp" classname="rpi.HeaterTest" time="0.001"/>
  <testcase name="testHighOverTemp" classname="rpi.HeaterTest" time="0.0"/>
  <testcase name="testRetTempNoSignal" classname="rpi.HeaterTest" time="0.001"/>
  <system-out><![CDATA[22:21:04,966 |-INFO in ch.qos.logback.classic.LoggerContext[default] - Could NOT find resource [logback-test.xml]
22:21:04,966 |-INFO in ch.qos.logback.classic.LoggerContext[default] - Could NOT find resource [logback.groovy]
22:21:04,966 |-INFO in ch.qos.logback.classic.LoggerContext[default] - Found resource [logback.xml] at [file:/C:/Programmering/enterprise/dkarlsso/bathtub/build/resources/main/logback.xml]
22:21:05,007 |-INFO in ch.qos.logback.classic.joran.action.ConfigurationAction - debug attribute not set
22:21:05,011 |-INFO in ch.qos.logback.core.joran.action.AppenderAction - About to instantiate appender of type [ch.qos.logback.core.rolling.RollingFileAppender]
22:21:05,014 |-INFO in ch.qos.logback.core.joran.action.AppenderAction - Naming appender as [FILE]
22:21:05,075 |-INFO in c.q.l.core.rolling.TimeBasedRollingPolicy@54271181 - No compression will be used
22:21:05,076 |-INFO in c.q.l.core.rolling.TimeBasedRollingPolicy@54271181 - Will use the pattern logs/archived/debug.%d{yyyy-MM-dd}.%i.log for the active file
22:21:05,084 |-INFO in ch.qos.logback.core.rolling.SizeAndTimeBasedFNATP@7b00cc93 - The date pattern is 'yyyy-MM-dd' from file name pattern 'logs/archived/debug.%d{yyyy-MM-dd}.%i.log'.
22:21:05,084 |-INFO in ch.qos.logback.core.rolling.SizeAndTimeBasedFNATP@7b00cc93 - Roll-over at midnight.
22:21:05,087 |-INFO in ch.qos.logback.core.rolling.SizeAndTimeBasedFNATP@7b00cc93 - Setting initial period to Thu May 10 22:16:16 EEST 2018
22:21:05,087 |-WARN in ch.qos.logback.core.rolling.SizeAndTimeBasedFNATP@7b00cc93 - SizeAndTimeBasedFNATP is deprecated. Use SizeAndTimeBasedRollingPolicy instead
22:21:05,087 |-WARN in ch.qos.logback.core.rolling.SizeAndTimeBasedFNATP@7b00cc93 - For more information see http://logback.qos.ch/manual/appenders.html#SizeAndTimeBasedRollingPolicy
22:21:05,091 |-INFO in ch.qos.logback.core.rolling.RollingFileAppender[FILE] - Active log file name: logs/debug.log
22:21:05,091 |-INFO in ch.qos.logback.core.rolling.RollingFileAppender[FILE] - File property is set to [logs/debug.log]
22:21:05,092 |-INFO in ch.qos.logback.core.joran.action.AppenderAction - About to instantiate appender of type [ch.qos.logback.core.rolling.RollingFileAppender]
22:21:05,092 |-INFO in ch.qos.logback.core.joran.action.AppenderAction - Naming appender as [CONNECTIONS]
22:21:05,093 |-INFO in c.q.l.core.rolling.TimeBasedRollingPolicy@810338571 - No compression will be used
22:21:05,093 |-INFO in c.q.l.core.rolling.TimeBasedRollingPolicy@810338571 - Will use the pattern logs/archived/connections.%d{yyyy-MM-dd}.%i.log for the active file
22:21:05,093 |-INFO in ch.qos.logback.core.rolling.SizeAndTimeBasedFNATP@238001a9 - The date pattern is 'yyyy-MM-dd' from file name pattern 'logs/archived/connections.%d{yyyy-MM-dd}.%i.log'.
22:21:05,093 |-INFO in ch.qos.logback.core.rolling.SizeAndTimeBasedFNATP@238001a9 - Roll-over at midnight.
22:21:05,094 |-INFO in ch.qos.logback.core.rolling.SizeAndTimeBasedFNATP@238001a9 - Setting initial period to Sun Apr 29 22:05:28 EEST 2018
22:21:05,094 |-WARN in ch.qos.logback.core.rolling.SizeAndTimeBasedFNATP@238001a9 - SizeAndTimeBasedFNATP is deprecated. Use SizeAndTimeBasedRollingPolicy instead
22:21:05,094 |-WARN in ch.qos.logback.core.rolling.SizeAndTimeBasedFNATP@238001a9 - For more information see http://logback.qos.ch/manual/appenders.html#SizeAndTimeBasedRollingPolicy
22:21:05,094 |-INFO in ch.qos.logback.core.rolling.RollingFileAppender[CONNECTIONS] - Active log file name: logs/connections.log
22:21:05,094 |-INFO in ch.qos.logback.core.rolling.RollingFileAppender[CONNECTIONS] - File property is set to [logs/connections.log]
22:21:05,094 |-INFO in ch.qos.logback.core.joran.action.AppenderAction - About to instantiate appender of type [ch.qos.logback.core.rolling.RollingFileAppender]
22:21:05,094 |-INFO in ch.qos.logback.core.joran.action.AppenderAction - Naming appender as [CONNECTIONS-LOCAL]
22:21:05,095 |-INFO in c.q.l.core.rolling.TimeBasedRollingPolicy@1085913952 - No compression will be used
22:21:05,095 |-INFO in c.q.l.core.rolling.TimeBasedRollingPolicy@1085913952 - Will use the pattern logs/archived/local-connections.%d{yyyy-MM-dd}.%i.log for the active file
22:21:05,096 |-INFO in ch.qos.logback.core.rolling.SizeAndTimeBasedFNATP@3d2083b0 - The date pattern is 'yyyy-MM-dd' from file name pattern 'logs/archived/local-connections.%d{yyyy-MM-dd}.%i.log'.
22:21:05,096 |-INFO in ch.qos.logback.core.rolling.SizeAndTimeBasedFNATP@3d2083b0 - Roll-over at midnight.
22:21:05,096 |-INFO in ch.qos.logback.core.rolling.SizeAndTimeBasedFNATP@3d2083b0 - Setting initial period to Thu May 10 22:10:30 EEST 2018
22:21:05,096 |-WARN in ch.qos.logback.core.rolling.SizeAndTimeBasedFNATP@3d2083b0 - SizeAndTimeBasedFNATP is deprecated. Use SizeAndTimeBasedRollingPolicy instead
22:21:05,096 |-WARN in ch.qos.logback.core.rolling.SizeAndTimeBasedFNATP@3d2083b0 - For more information see http://logback.qos.ch/manual/appenders.html#SizeAndTimeBasedRollingPolicy
22:21:05,096 |-INFO in ch.qos.logback.core.rolling.RollingFileAppender[CONNECTIONS-LOCAL] - Active log file name: logs/local-connections.log
22:21:05,096 |-INFO in ch.qos.logback.core.rolling.RollingFileAppender[CONNECTIONS-LOCAL] - File property is set to [logs/local-connections.log]
22:21:05,097 |-INFO in ch.qos.logback.core.joran.action.AppenderAction - About to instantiate appender of type [ch.qos.logback.core.ConsoleAppender]
22:21:05,098 |-INFO in ch.qos.logback.core.joran.action.AppenderAction - Naming appender as [STDOUT]
22:21:05,099 |-WARN in ch.qos.logback.core.ConsoleAppender[STDOUT] - This appender no longer admits a layout as a sub-component, set an encoder instead.
22:21:05,099 |-WARN in ch.qos.logback.core.ConsoleAppender[STDOUT] - To ensure compatibility, wrapping your layout in LayoutWrappingEncoder.
22:21:05,099 |-WARN in ch.qos.logback.core.ConsoleAppender[STDOUT] - See also http://logback.qos.ch/codes.html#layoutInsteadOfEncoder for details
22:21:05,099 |-INFO in ch.qos.logback.classic.joran.action.LoggerAction - Setting level of logger [local-connections] to DEBUG
22:21:05,099 |-INFO in ch.qos.logback.classic.joran.action.LoggerAction - Setting additivity of logger [local-connections] to false
22:21:05,099 |-INFO in ch.qos.logback.core.joran.action.AppenderRefAction - Attaching appender named [CONNECTIONS-LOCAL] to Logger[local-connections]
22:21:05,100 |-INFO in ch.qos.logback.classic.joran.action.LoggerAction - Setting level of logger [connections] to DEBUG
22:21:05,100 |-INFO in ch.qos.logback.classic.joran.action.LoggerAction - Setting additivity of logger [connections] to false
22:21:05,100 |-INFO in ch.qos.logback.core.joran.action.AppenderRefAction - Attaching appender named [CONNECTIONS] to Logger[connections]
22:21:05,100 |-INFO in ch.qos.logback.classic.joran.action.LoggerAction - Setting level of logger [rpi] to DEBUG
22:21:05,100 |-INFO in ch.qos.logback.classic.joran.action.LoggerAction - Setting additivity of logger [rpi] to false
22:21:05,100 |-INFO in ch.qos.logback.core.joran.action.AppenderRefAction - Attaching appender named [FILE] to Logger[rpi]
22:21:05,100 |-INFO in ch.qos.logback.core.joran.action.AppenderRefAction - Attaching appender named [STDOUT] to Logger[rpi]
22:21:05,100 |-INFO in ch.qos.logback.classic.joran.action.RootLoggerAction - Setting level of ROOT logger to ERROR
22:21:05,101 |-INFO in ch.qos.logback.core.joran.action.AppenderRefAction - Attaching appender named [FILE] to Logger[ROOT]
22:21:05,101 |-INFO in ch.qos.logback.core.joran.action.AppenderRefAction - Attaching appender named [STDOUT] to Logger[ROOT]
22:21:05,101 |-INFO in ch.qos.logback.classic.joran.action.ConfigurationAction - End of configuration.
22:21:05,101 |-INFO in ch.qos.logback.classic.joran.JoranConfigurator@6bf2018e - Registering current configuration as safe fallback point

2018-05-10 22:21:05 [Test worker] ERROR rpi.Heater.loop(140) - MAX ERROR: null
2018-05-10 22:21:05 [Test worker] ERROR rpi.Heater.turnAllOff(163) - TURN ALL OFF
2018-05-10 22:21:05 [Test worker] ERROR rpi.Heater.checkHighTemperatures(170) - Over temp high: 80
25
2018-05-10 22:21:05 [Test worker] ERROR rpi.Heater.loop(140) - MAX ERROR: null
2018-05-10 22:21:05 [Test worker] ERROR rpi.Heater.turnAllOff(163) - TURN ALL OFF
]]></system-out>
  <system-err><![CDATA[]]></system-err>
</testsuite>
